  Moc'ing yuLab.h...
  Uic'ing yuLab.ui...
  Moc'ing myLabel.h...
  Moc'ing myDlg.h...
  Moc'ing myInputDlg.h...
  Rcc'ing yuLab.qrc...
RCC : warning : No resources in 'E:\lab\program\yuLab\yuLab\yuLab.qrc'.
  
  moc_myDlg.cpp
  moc_myInputDlg.cpp
  moc_myLabel.cpp
  moc_yuLab.cpp
  main.cpp
  myDlg.cpp
  myInputDlg.cpp
  myLabel.cpp
  svm.cpp
  videoTool.cpp
  yuLab.cpp
  正在生成代码...
  qrc_yuLab.cpp
  yuLab.vcxproj -> E:\lab\program\yuLab\x64\Debug\yuLab.exe
  yuLab.vcxproj -> E:\lab\program\yuLab\x64\Debug\yuLab.pdb (Full PDB)
