e:\lab\yulab\yulab\x64\debug\vc140.pdb
e:\lab\yulab\yulab\x64\debug\yulab.obj
e:\lab\yulab\yulab\x64\debug\videotool.obj
e:\lab\yulab\yulab\x64\debug\svm.obj
e:\lab\yulab\yulab\x64\debug\mylabel.obj
e:\lab\yulab\yulab\x64\debug\main.obj
e:\lab\yulab\yulab\x64\debug\moc_yulab.obj
e:\lab\yulab\yulab\x64\debug\moc_mylabel.obj
e:\lab\yulab\yulab\x64\debug\qrc_yulab.obj
e:\lab\yulab\yulab\generatedfiles\debug\moc_yulab.cpp
e:\lab\yulab\yulab\generatedfiles\ui_yulab.h
e:\lab\yulab\yulab\generatedfiles\debug\moc_mylabel.cpp
e:\lab\yulab\yulab\generatedfiles\qrc_yulab.cpp
e:\lab\yulab\x64\debug\yulab.ilk
e:\lab\yulab\x64\debug\yulab.exe
e:\lab\yulab\x64\debug\yulab.pdb
e:\lab\yulab\yulab\x64\debug\yulab.tlog\cl.command.1.tlog
e:\lab\yulab\yulab\x64\debug\yulab.tlog\cl.read.1.tlog
e:\lab\yulab\yulab\x64\debug\yulab.tlog\cl.write.1.tlog
e:\lab\yulab\yulab\x64\debug\yulab.tlog\custombuild.command.1.tlog
e:\lab\yulab\yulab\x64\debug\yulab.tlog\custombuild.read.1.tlog
e:\lab\yulab\yulab\x64\debug\yulab.tlog\custombuild.write.1.tlog
e:\lab\yulab\yulab\x64\debug\yulab.tlog\link.command.1.tlog
e:\lab\yulab\yulab\x64\debug\yulab.tlog\link.read.1.tlog
e:\lab\yulab\yulab\x64\debug\yulab.tlog\link.write.1.tlog
